<?xml version="1.0" encoding="UTF-8"?>
<testsuite name="re.forestier.edu.UnitTests" tests="9" skipped="0" failures="0" errors="0" timestamp="2025-12-14T21:55:39" hostname="ibrahim-VirtualBox" time="0.321">
  <properties/>
  <testcase name="Main" classname="re.forestier.edu.UnitTests" time="0.048"/>
  <testcase name="removeMoney" classname="re.forestier.edu.UnitTests" time="0.05"/>
  <testcase name="ex &amp; lvl" classname="re.forestier.edu.UnitTests" time="0.025"/>
  <testcase name="addMoney" classname="re.forestier.edu.UnitTests" time="0.007"/>
  <testcase name="Construcor UpdatePlayer" classname="re.forestier.edu.UnitTests" time="0.012"/>
  <testcase name="majDeFinDeTour" classname="re.forestier.edu.UnitTests" time="0.028"/>
  <testcase name="Constructor Player" classname="re.forestier.edu.UnitTests" time="0.011"/>
  <testcase name="Natural Tests" classname="re.forestier.edu.UnitTests" time="0.02"/>
  <testcase name="Sample test" classname="re.forestier.edu.UnitTests" time="0.014"/>
  <system-out><![CDATA[]]></system-out>
  <system-err><![CDATA[]]></system-err>
</testsuite>
